<?xml version="1.0" encoding="UTF-8"?>
<!-- Generated by org.testng.reporters.JUnitXMLReporter -->
<testsuite ignored="0" hostname="DESKTOP-0HJJQ6S" failures="1" tests="11" name="Test" time="305.817" errors="0" timestamp="2022-10-15T11:11:41 IST">
  <testcase classname="Test.LoginPageTest" name="validLoginPagewithConfigDataTest" time="5.912"/>
  <testcase classname="Test.LoginPageTest" name="validLoginPageWithXlsxDataTest" time="6.485"/>
  <testcase classname="Test.LoginPageTest" name="validateInvalidLoginCred" time="6.11">
    <failure type="java.lang.AssertionError" message="expected [he password that you&amp;apos;ve entered is incorrect. Forgotten password?] but found [The password that you&amp;apos;ve entered is incorrect. Forgotten password?]">
      <![CDATA[java.lang.AssertionError: expected [he password that you've entered is incorrect. Forgotten password?] but found [The password that you've entered is incorrect. Forgotten password?]
at Test.LoginPageTest.validateInvalidLoginCred(LoginPageTest.java:89)
at java.base/java.util.ArrayList.forEach(ArrayList.java:1541)
... Removed 32 stack frames]]>
    </failure>
  </testcase> <!-- validateInvalidLoginCred -->
  <testcase classname="Test.HomePageTest" name="uploadImagePost" time="34.609"/>
  <testcase classname="Test.HomePageTest" name="uploadVideoPost" time="49.984"/>
  <testcase classname="Test.HomePageTest" name="statusinfo" time="12.756"/>
  <testcase classname="Test.ProfilePageTest" name="likePost" time="12.577"/>
  <testcase classname="Test.ProfilePageTest" name="commentPost" time="13.367"/>
  <testcase classname="Test.ProfilePageTest" name="UploadProfileImage" time="20.325"/>
  <testcase classname="Test.FindFriendTest" name="FriendFindPost" time="10.2"/>
  <testcase classname="Test.MarketPlaceTest" name="Market" time="11.632"/>
</testsuite> <!-- Test -->
