<?xml version="1.0" encoding="UTF-8"?>
<!-- Generated by org.testng.reporters.JUnitXMLReporter -->
<testsuite ignored="0" hostname="DESKTOP-0HJJQ6S" failures="1" tests="3" name="Test" time="64.224" errors="0" timestamp="2022-09-26T10:23:14 IST">
  <testcase classname="Test.LoginPageTest" name="validLoginPagewithConfigDataTest" time="5.613"/>
  <testcase classname="Test.LoginPageTest" name="validLoginPageWithXlsxDataTest" time="6.935"/>
  <testcase classname="Test.LoginPageTest" name="validateInvalidLoginCred" time="4.593">
    <failure type="java.lang.AssertionError" message="expected [he password that you&amp;apos;ve entered is incorrect. Forgotten password?] but found [The password that you&amp;apos;ve entered is incorrect. Forgotten password?]">
      <![CDATA[java.lang.AssertionError: expected [he password that you've entered is incorrect. Forgotten password?] but found [The password that you've entered is incorrect. Forgotten password?]
at Test.LoginPageTest.validateInvalidLoginCred(LoginPageTest.java:87)
at java.base/java.util.ArrayList.forEach(ArrayList.java:1541)
... Removed 32 stack frames]]>
    </failure>
  </testcase> <!-- validateInvalidLoginCred -->
</testsuite> <!-- Test -->
