<?xml version="1.0" encoding="UTF-8"?>
<!-- Generated by org.testng.reporters.JUnitXMLReporter -->
<testsuite ignored="2" hostname="DESKTOP-0HJJQ6S" failures="0" tests="1" name="Default test" time="20.204" errors="0" timestamp="2022-09-17T07:38:10 IST">
  <testcase classname="Test.LoginPageTest" name="validateInvalidLoginCred" time="7.649"/>
  <testcase classname="Test.LoginPageTest" name="validLoginPagewithConfigDataTest" time="0.0">
    <ignored/>
  </testcase> <!-- validLoginPagewithConfigDataTest -->
  <testcase classname="Test.LoginPageTest" name="validLoginPageWithXlsxDataTest" time="0.0">
    <ignored/>
  </testcase> <!-- validLoginPageWithXlsxDataTest -->
</testsuite> <!-- Default test -->
