<?xml version="1.0" encoding="UTF-8"?>
<!-- Generated by org.testng.reporters.JUnitXMLReporter -->
<testsuite ignored="4" hostname="DESKTOP-0HJJQ6S" failures="0" tests="1" name="Default test" time="32.507" errors="0" timestamp="2022-10-01T07:35:54 IST">
  <testcase classname="Test.HomePageTest" name="uploadVideoPost" time="17.579"/>
  <testcase classname="Test.HomePageTest" name="statusinfo" time="0.0">
    <ignored/>
  </testcase> <!-- statusinfo -->
  <testcase classname="Test.HomePageTest" name="uploadImagePost" time="0.0">
    <ignored/>
  </testcase> <!-- uploadImagePost -->
  <testcase classname="Test.HomePageTest" name="commentPost" time="0.0">
    <ignored/>
  </testcase> <!-- commentPost -->
  <testcase classname="Test.HomePageTest" name="likePost" time="0.0">
    <ignored/>
  </testcase> <!-- likePost -->
</testsuite> <!-- Default test -->
